<?xml version="1.0" encoding="UTF-8"?>
<!-- Generated by org.testng.reporters.JUnitXMLReporter -->
<testsuite ignored="0" hostname="LAPTOP-6COU3AKC" failures="0" tests="4" name="Test1Suite" time="1.838" errors="0" timestamp="16 Oct 2023 06:54:42 GMT">
  <testcase classname="CTtest.Test3" name="@BeforeClass setup" time="1.791">
    <failure type="org.openqa.selenium.SessionNotCreatedException" message="session not created: This version of ChromeDriver only supports Chrome version 116
Current browser version is 118.0.5993.70 with binary path C:\Program Files\Google\Chrome\Application\chrome.exe
Build info: version: &amp;apos;3.141.59&amp;apos;, revision: &amp;apos;e82be7d358&amp;apos;, time: &amp;apos;2018-11-14T08:17:03&amp;apos;
System info: host: &amp;apos;LAPTOP-6COU3AKC&amp;apos;, ip: &amp;apos;192.168.174.10&amp;apos;, os.name: &amp;apos;Windows 10&amp;apos;, os.arch: &amp;apos;amd64&amp;apos;, os.version: &amp;apos;10.0&amp;apos;, java.version: &amp;apos;15.0.1&amp;apos;
Driver info: driver.version: ChromeDriver
remote stacktrace: 	GetHandleVerifier [0x00007FF762A052A2+57122]
	(No symbol) [0x00007FF76297EA92]
	(No symbol) [0x00007FF76284E3AB]
	(No symbol) [0x00007FF762879FF5]
	(No symbol) [0x00007FF762875237]
	(No symbol) [0x00007FF762872FE1]
	(No symbol) [0x00007FF7628AEA4F]
	(No symbol) [0x00007FF7628AE5B0]
	(No symbol) [0x00007FF7628A6DB3]
	(No symbol) [0x00007FF76287D2B1]
	(No symbol) [0x00007FF76287E494]
	GetHandleVerifier [0x00007FF762CAEF82+2849794]
	GetHandleVerifier [0x00007FF762D01D24+3189156]
	GetHandleVerifier [0x00007FF762CFACAF+3160367]
	GetHandleVerifier [0x00007FF762A96D06+653702]
	(No symbol) [0x00007FF76298A208]
	(No symbol) [0x00007FF7629862C4]
	(No symbol) [0x00007FF7629863F6]
	(No symbol) [0x00007FF7629767A3]
	BaseThreadInitThunk [0x00007FFF1D92257D+29]
	RtlUserThreadStart [0x00007FFF1E58AA68+40]
">
      <![CDATA[org.openqa.selenium.SessionNotCreatedException: session not created: This version of ChromeDriver only supports Chrome version 116
Current browser version is 118.0.5993.70 with binary path C:\Program Files\Google\Chrome\Application\chrome.exe
Build info: version: '3.141.59', revision: 'e82be7d358', time: '2018-11-14T08:17:03'
System info: host: 'LAPTOP-6COU3AKC', ip: '192.168.174.10', os.name: 'Windows 10', os.arch: 'amd64', os.version: '10.0', java.version: '15.0.1'
Driver info: driver.version: ChromeDriver
remote stacktrace: GetHandleVerifier [0x00007FF762A052A2+57122]
(No symbol) [0x00007FF76297EA92]
(No symbol) [0x00007FF76284E3AB]
(No symbol) [0x00007FF762879FF5]
(No symbol) [0x00007FF762875237]
(No symbol) [0x00007FF762872FE1]
(No symbol) [0x00007FF7628AEA4F]
(No symbol) [0x00007FF7628AE5B0]
(No symbol) [0x00007FF7628A6DB3]
(No symbol) [0x00007FF76287D2B1]
(No symbol) [0x00007FF76287E494]
GetHandleVerifier [0x00007FF762CAEF82+2849794]
GetHandleVerifier [0x00007FF762D01D24+3189156]
GetHandleVerifier [0x00007FF762CFACAF+3160367]
GetHandleVerifier [0x00007FF762A96D06+653702]
(No symbol) [0x00007FF76298A208]
(No symbol) [0x00007FF7629862C4]
(No symbol) [0x00007FF7629863F6]
(No symbol) [0x00007FF7629767A3]
BaseThreadInitThunk [0x00007FFF1D92257D+29]
RtlUserThreadStart [0x00007FFF1E58AA68+40]

at org.openqa.selenium.remote.W3CHandshakeResponse.lambda$errorHandler$0(W3CHandshakeResponse.java:62)
at org.openqa.selenium.remote.HandshakeResponse.lambda$getResponseFunction$0(HandshakeResponse.java:30)
at org.openqa.selenium.remote.ProtocolHandshake.lambda$createSession$0(ProtocolHandshake.java:126)
at java.base/java.util.stream.ReferencePipeline$3$1.accept(ReferencePipeline.java:195)
at java.base/java.util.Spliterators$ArraySpliterator.tryAdvance(Spliterators.java:958)
at java.base/java.util.stream.ReferencePipeline.forEachWithCancel(ReferencePipeline.java:127)
at java.base/java.util.stream.AbstractPipeline.copyIntoWithCancel(AbstractPipeline.java:502)
at java.base/java.util.stream.AbstractPipeline.copyInto(AbstractPipeline.java:488)
at java.base/java.util.stream.AbstractPipeline.wrapAndCopyInto(AbstractPipeline.java:474)
at java.base/java.util.stream.FindOps$FindOp.evaluateSequential(FindOps.java:150)
at java.base/java.util.stream.AbstractPipeline.evaluate(AbstractPipeline.java:234)
at java.base/java.util.stream.ReferencePipeline.findFirst(ReferencePipeline.java:543)
at org.openqa.selenium.remote.ProtocolHandshake.createSession(ProtocolHandshake.java:128)
at org.openqa.selenium.remote.ProtocolHandshake.createSession(ProtocolHandshake.java:74)
at org.openqa.selenium.remote.HttpCommandExecutor.execute(HttpCommandExecutor.java:136)
at org.openqa.selenium.remote.service.DriverCommandExecutor.execute(DriverCommandExecutor.java:83)
at org.openqa.selenium.remote.RemoteWebDriver.execute(RemoteWebDriver.java:552)
at org.openqa.selenium.remote.RemoteWebDriver.startSession(RemoteWebDriver.java:213)
at org.openqa.selenium.remote.RemoteWebDriver.<init>(RemoteWebDriver.java:131)
at org.openqa.selenium.chrome.ChromeDriver.<init>(ChromeDriver.java:181)
at org.openqa.selenium.chrome.ChromeDriver.<init>(ChromeDriver.java:168)
at org.openqa.selenium.chrome.ChromeDriver.<init>(ChromeDriver.java:123)
at CTtest.Test3.setup(Test3.java:19)
... Removed 35 stack frames]]>
    </failure>
  </testcase> <!-- @BeforeClass setup -->
  <testcase classname="CTtest.Test3" name="@AfterClass tearDown" time="0.0">
    <skipped/>
  </testcase> <!-- @AfterClass tearDown -->
  <testcase classname="CTtest.Test3" name="registerUser" time="0.0">
    <skipped/>
  </testcase> <!-- registerUser -->
  <testcase classname="CTtest.Test3" name="loginUser" time="0.0">
    <skipped/>
  </testcase> <!-- loginUser -->
  <testcase classname="CTtest.Test3" name="changeTheme" time="0.0">
    <skipped/>
  </testcase> <!-- changeTheme -->
  <testcase classname="CTtest.Test3" name="userProfileUpdate" time="0.0">
    <skipped/>
  </testcase> <!-- userProfileUpdate -->
</testsuite> <!-- Test1Suite -->
