<?xml version="1.0" encoding="UTF-8"?>
<testng-results ignored="0" total="4" passed="3" failed="1" skipped="0">
  <reporter-output>
  </reporter-output>
  <suite started-at="2023-09-21T10:19:47Z" name="MyTestSuite" finished-at="2023-09-21T10:19:59Z" duration-ms="11778">
    <groups>
    </groups>
    <test started-at="2023-09-21T10:19:47Z" name="Test1Suite" finished-at="2023-09-21T10:19:59Z" duration-ms="11778">
      <class name="CTtest.Test3">
        <test-method is-config="true" signature="setup()[pri:0, instance:CTtest.Test3@4ae3c1cd]" started-at="2023-09-21T10:19:47Z" name="setup" finished-at="2023-09-21T10:19:49Z" duration-ms="2042" status="PASS">
          <reporter-output>
          </reporter-output>
        </test-method> <!-- setup -->
        <test-method signature="registerUser()[pri:1, instance:CTtest.Test3@4ae3c1cd]" started-at="2023-09-21T10:19:49Z" name="registerUser" description="Critical Functionality: User Registration" finished-at="2023-09-21T10:19:54Z" duration-ms="4409" status="PASS">
          <reporter-output>
          </reporter-output>
        </test-method> <!-- registerUser -->
        <test-method signature="loginUser()[pri:2, instance:CTtest.Test3@4ae3c1cd]" started-at="2023-09-21T10:19:54Z" name="loginUser" description="Critical Functionality: User Login" finished-at="2023-09-21T10:19:57Z" duration-ms="3312" status="PASS">
          <reporter-output>
          </reporter-output>
        </test-method> <!-- loginUser -->
        <test-method signature="changeTheme()[pri:3, instance:CTtest.Test3@4ae3c1cd]" started-at="2023-09-21T10:19:57Z" name="changeTheme" description="NonCr Functionality: Change Theme" finished-at="2023-09-21T10:19:58Z" duration-ms="1156" status="FAIL">
          <exception class="java.lang.AssertionError">
            <message>
              <![CDATA[expected [] but found [dark-theme]]]>
            </message>
            <full-stacktrace>
              <![CDATA[java.lang.AssertionError: expected [] but found [dark-theme]
at org.testng.Assert.fail(Assert.java:96)
at org.testng.Assert.failNotEquals(Assert.java:776)
at org.testng.Assert.assertEqualsImpl(Assert.java:137)
at org.testng.Assert.assertEquals(Assert.java:118)
at org.testng.Assert.assertEquals(Assert.java:453)
at org.testng.Assert.assertEquals(Assert.java:463)
at CTtest.Test3.changeTheme(Test3.java:74)
at java.base/jdk.internal.reflect.NativeMethodAccessorImpl.invoke0(Native Method)
at java.base/jdk.internal.reflect.NativeMethodAccessorImpl.invoke(NativeMethodAccessorImpl.java:64)
at java.base/jdk.internal.reflect.DelegatingMethodAccessorImpl.invoke(DelegatingMethodAccessorImpl.java:43)
at java.base/java.lang.reflect.Method.invoke(Method.java:564)
at org.testng.internal.MethodInvocationHelper.invokeMethod(MethodInvocationHelper.java:124)
at org.testng.internal.Invoker.invokeMethod(Invoker.java:583)
at org.testng.internal.Invoker.invokeTestMethod(Invoker.java:719)
at org.testng.internal.Invoker.invokeTestMethods(Invoker.java:989)
at org.testng.internal.TestMethodWorker.invokeTestMethods(TestMethodWorker.java:125)
at org.testng.internal.TestMethodWorker.run(TestMethodWorker.java:109)
at org.testng.TestRunner.privateRun(TestRunner.java:648)
at org.testng.TestRunner.run(TestRunner.java:505)
at org.testng.SuiteRunner.runTest(SuiteRunner.java:455)
at org.testng.SuiteRunner.runSequentially(SuiteRunner.java:450)
at org.testng.SuiteRunner.privateRun(SuiteRunner.java:415)
at org.testng.SuiteRunner.run(SuiteRunner.java:364)
at org.testng.SuiteRunnerWorker.runSuite(SuiteRunnerWorker.java:52)
at org.testng.SuiteRunnerWorker.run(SuiteRunnerWorker.java:84)
at org.testng.TestNG.runSuitesSequentially(TestNG.java:1208)
at org.testng.TestNG.runSuitesLocally(TestNG.java:1137)
at org.testng.TestNG.runSuites(TestNG.java:1049)
at org.testng.TestNG.run(TestNG.java:1017)
at org.apache.maven.surefire.testng.TestNGExecutor.run(TestNGExecutor.java:284)
at org.apache.maven.surefire.testng.TestNGXmlTestSuite.execute(TestNGXmlTestSuite.java:75)
at org.apache.maven.surefire.testng.TestNGProvider.invoke(TestNGProvider.java:119)
at org.apache.maven.surefire.booter.ForkedBooter.runSuitesInProcess(ForkedBooter.java:428)
at org.apache.maven.surefire.booter.ForkedBooter.execute(ForkedBooter.java:162)
at org.apache.maven.surefire.booter.ForkedBooter.run(ForkedBooter.java:562)
at org.apache.maven.surefire.booter.ForkedBooter.main(ForkedBooter.java:548)
]]>
            </full-stacktrace>
          </exception> <!-- java.lang.AssertionError -->
          <reporter-output>
          </reporter-output>
        </test-method> <!-- changeTheme -->
        <test-method signature="userProfileUpdate()[pri:4, instance:CTtest.Test3@4ae3c1cd]" started-at="2023-09-21T10:19:58Z" name="userProfileUpdate" description="NonCr Functionality: User Profile Update" finished-at="2023-09-21T10:19:58Z" duration-ms="199" status="PASS">
          <reporter-output>
          </reporter-output>
        </test-method> <!-- userProfileUpdate -->
        <test-method is-config="true" signature="tearDown()[pri:0, instance:CTtest.Test3@4ae3c1cd]" started-at="2023-09-21T10:19:58Z" name="tearDown" finished-at="2023-09-21T10:19:59Z" duration-ms="640" status="PASS">
          <reporter-output>
          </reporter-output>
        </test-method> <!-- tearDown -->
      </class> <!-- CTtest.Test3 -->
    </test> <!-- Test1Suite -->
  </suite> <!-- MyTestSuite -->
</testng-results>
