<?xml version="1.0" encoding="UTF-8"?>
<!-- Generated by org.testng.reporters.JUnitReportReporter -->
<testsuite hostname="LAPTOP-6COU3AKC" failures="0" tests="5" name="CTtest.Test3" time="1.791" errors="1" timestamp="16 Oct 2023 06:54:42 GMT" skipped="4">
  <testcase classname="CTtest.Test3" name="setup" time="1.791">
    <error message="session not created: This version of ChromeDriver only supports Chrome version 116
Current browser version is 118.0.5993.70 with binary path C:\Program Files\Google\Chrome\Application\chrome.exe
Build info: version: &#039;3.141.59&#039;, revision: &#039;e82be7d358&#039;, time: &#039;2018-11-14T08:17:03&#039;
System info: host: &#039;LAPTOP-6COU3AKC&#039;, ip: &#039;192.168.174.10&#039;, os.name: &#039;Windows 10&#039;, os.arch: &#039;amd64&#039;, os.version: &#039;10.0&#039;, java.version: &#039;15.0.1&#039;
Driver info: driver.version: ChromeDriver
remote stacktrace: 	GetHandleVerifier [0x00007FF762A052A2+57122]
	(No symbol) [0x00007FF76297EA92]
	(No symbol) [0x00007FF76284E3AB]
	(No symbol) [0x00007FF762879FF5]
	(No symbol) [0x00007FF762875237]
	(No symbol) [0x00007FF762872FE1]
	(No symbol) [0x00007FF7628AEA4F]
	(No symbol) [0x00007FF7628AE5B0]
	(No symbol) [0x00007FF7628A6DB3]
	(No symbol) [0x00007FF76287D2B1]
	(No symbol) [0x00007FF76287E494]
	GetHandleVerifier [0x00007FF762CAEF82+2849794]
	GetHandleVerifier [0x00007FF762D01D24+3189156]
	GetHandleVerifier [0x00007FF762CFACAF+3160367]
	GetHandleVerifier [0x00007FF762A96D06+653702]
	(No symbol) [0x00007FF76298A208]
	(No symbol) [0x00007FF7629862C4]
	(No symbol) [0x00007FF7629863F6]
	(No symbol) [0x00007FF7629767A3]
	BaseThreadInitThunk [0x00007FFF1D92257D+29]
	RtlUserThreadStart [0x00007FFF1E58AA68+40]
" type="org.openqa.selenium.SessionNotCreatedException">
      <![CDATA[org.openqa.selenium.SessionNotCreatedException: session not created: This version of ChromeDriver only supports Chrome version 116
Current browser version is 118.0.5993.70 with binary path C:\Program Files\Google\Chrome\Application\chrome.exe
Build info: version: '3.141.59', revision: 'e82be7d358', time: '2018-11-14T08:17:03'
System info: host: 'LAPTOP-6COU3AKC', ip: '192.168.174.10', os.name: 'Windows 10', os.arch: 'amd64', os.version: '10.0', java.version: '15.0.1'
Driver info: driver.version: ChromeDriver
remote stacktrace: GetHandleVerifier [0x00007FF762A052A2+57122]
(No symbol) [0x00007FF76297EA92]
(No symbol) [0x00007FF76284E3AB]
(No symbol) [0x00007FF762879FF5]
(No symbol) [0x00007FF762875237]
(No symbol) [0x00007FF762872FE1]
(No symbol) [0x00007FF7628AEA4F]
(No symbol) [0x00007FF7628AE5B0]
(No symbol) [0x00007FF7628A6DB3]
(No symbol) [0x00007FF76287D2B1]
(No symbol) [0x00007FF76287E494]
GetHandleVerifier [0x00007FF762CAEF82+2849794]
GetHandleVerifier [0x00007FF762D01D24+3189156]
GetHandleVerifier [0x00007FF762CFACAF+3160367]
GetHandleVerifier [0x00007FF762A96D06+653702]
(No symbol) [0x00007FF76298A208]
(No symbol) [0x00007FF7629862C4]
(No symbol) [0x00007FF7629863F6]
(No symbol) [0x00007FF7629767A3]
BaseThreadInitThunk [0x00007FFF1D92257D+29]
RtlUserThreadStart [0x00007FFF1E58AA68+40]

at java.base/jdk.internal.reflect.NativeConstructorAccessorImpl.newInstance0(Native Method)
at java.base/jdk.internal.reflect.NativeConstructorAccessorImpl.newInstance(NativeConstructorAccessorImpl.java:64)
at java.base/jdk.internal.reflect.DelegatingConstructorAccessorImpl.newInstance(DelegatingConstructorAccessorImpl.java:45)
at java.base/java.lang.reflect.Constructor.newInstanceWithCaller(Constructor.java:500)
at java.base/java.lang.reflect.Constructor.newInstance(Constructor.java:481)
at org.openqa.selenium.remote.W3CHandshakeResponse.lambda$errorHandler$0(W3CHandshakeResponse.java:62)
at org.openqa.selenium.remote.HandshakeResponse.lambda$getResponseFunction$0(HandshakeResponse.java:30)
at org.openqa.selenium.remote.ProtocolHandshake.lambda$createSession$0(ProtocolHandshake.java:126)
at java.base/java.util.stream.ReferencePipeline$3$1.accept(ReferencePipeline.java:195)
at java.base/java.util.Spliterators$ArraySpliterator.tryAdvance(Spliterators.java:958)
at java.base/java.util.stream.ReferencePipeline.forEachWithCancel(ReferencePipeline.java:127)
at java.base/java.util.stream.AbstractPipeline.copyIntoWithCancel(AbstractPipeline.java:502)
at java.base/java.util.stream.AbstractPipeline.copyInto(AbstractPipeline.java:488)
at java.base/java.util.stream.AbstractPipeline.wrapAndCopyInto(AbstractPipeline.java:474)
at java.base/java.util.stream.FindOps$FindOp.evaluateSequential(FindOps.java:150)
at java.base/java.util.stream.AbstractPipeline.evaluate(AbstractPipeline.java:234)
at java.base/java.util.stream.ReferencePipeline.findFirst(ReferencePipeline.java:543)
at org.openqa.selenium.remote.ProtocolHandshake.createSession(ProtocolHandshake.java:128)
at org.openqa.selenium.remote.ProtocolHandshake.createSession(ProtocolHandshake.java:74)
at org.openqa.selenium.remote.HttpCommandExecutor.execute(HttpCommandExecutor.java:136)
at org.openqa.selenium.remote.service.DriverCommandExecutor.execute(DriverCommandExecutor.java:83)
at org.openqa.selenium.remote.RemoteWebDriver.execute(RemoteWebDriver.java:552)
at org.openqa.selenium.remote.RemoteWebDriver.startSession(RemoteWebDriver.java:213)
at org.openqa.selenium.remote.RemoteWebDriver.<init>(RemoteWebDriver.java:131)
at org.openqa.selenium.chrome.ChromeDriver.<init>(ChromeDriver.java:181)
at org.openqa.selenium.chrome.ChromeDriver.<init>(ChromeDriver.java:168)
at org.openqa.selenium.chrome.ChromeDriver.<init>(ChromeDriver.java:123)
at CTtest.Test3.setup(Test3.java:19)
at java.base/jdk.internal.reflect.NativeMethodAccessorImpl.invoke0(Native Method)
at java.base/jdk.internal.reflect.NativeMethodAccessorImpl.invoke(NativeMethodAccessorImpl.java:64)
at java.base/jdk.internal.reflect.DelegatingMethodAccessorImpl.invoke(DelegatingMethodAccessorImpl.java:43)
at java.base/java.lang.reflect.Method.invoke(Method.java:564)
at org.testng.internal.MethodInvocationHelper.invokeMethod(MethodInvocationHelper.java:124)
at org.testng.internal.MethodInvocationHelper.invokeMethodConsideringTimeout(MethodInvocationHelper.java:59)
at org.testng.internal.Invoker.invokeConfigurationMethod(Invoker.java:458)
at org.testng.internal.Invoker.invokeConfigurations(Invoker.java:222)
at org.testng.internal.Invoker.invokeConfigurations(Invoker.java:142)
at org.testng.internal.TestMethodWorker.invokeBeforeClassMethods(TestMethodWorker.java:168)
at org.testng.internal.TestMethodWorker.run(TestMethodWorker.java:105)
at org.testng.TestRunner.privateRun(TestRunner.java:648)
at org.testng.TestRunner.run(TestRunner.java:505)
at org.testng.SuiteRunner.runTest(SuiteRunner.java:455)
at org.testng.SuiteRunner.runSequentially(SuiteRunner.java:450)
at org.testng.SuiteRunner.privateRun(SuiteRunner.java:415)
at org.testng.SuiteRunner.run(SuiteRunner.java:364)
at org.testng.SuiteRunnerWorker.runSuite(SuiteRunnerWorker.java:52)
at org.testng.SuiteRunnerWorker.run(SuiteRunnerWorker.java:84)
at org.testng.TestNG.runSuitesSequentially(TestNG.java:1208)
at org.testng.TestNG.runSuitesLocally(TestNG.java:1137)
at org.testng.TestNG.runSuites(TestNG.java:1049)
at org.testng.TestNG.run(TestNG.java:1017)
at org.apache.maven.surefire.testng.TestNGExecutor.run(TestNGExecutor.java:284)
at org.apache.maven.surefire.testng.TestNGXmlTestSuite.execute(TestNGXmlTestSuite.java:75)
at org.apache.maven.surefire.testng.TestNGProvider.invoke(TestNGProvider.java:119)
at org.apache.maven.surefire.booter.ForkedBooter.runSuitesInProcess(ForkedBooter.java:428)
at org.apache.maven.surefire.booter.ForkedBooter.execute(ForkedBooter.java:162)
at org.apache.maven.surefire.booter.ForkedBooter.run(ForkedBooter.java:562)
at org.apache.maven.surefire.booter.ForkedBooter.main(ForkedBooter.java:548)
]]>
    </error>
  </testcase> <!-- setup -->
  <testcase classname="CTtest.Test3" name="registerUser" time="0.000">
    <skipped/>
  </testcase> <!-- registerUser -->
  <testcase classname="CTtest.Test3" name="loginUser" time="0.000">
    <skipped/>
  </testcase> <!-- loginUser -->
  <testcase classname="CTtest.Test3" name="changeTheme" time="0.000">
    <skipped/>
  </testcase> <!-- changeTheme -->
  <testcase classname="CTtest.Test3" name="userProfileUpdate" time="0.000">
    <skipped/>
  </testcase> <!-- userProfileUpdate -->
</testsuite> <!-- CTtest.Test3 -->
